<?xml version="1.0" encoding="utf-8"?><testsuites name="pytest tests"><testsuite name="pytest" errors="0" failures="0" skipped="0" tests="16" time="0.033" timestamp="2026-01-18T17:10:43.975208+01:00" hostname="FAERIE"><testcase classname="test.unit.calc_test.TestCalculate" name="test_add_method_fails_with_nan_parameter" time="0.001" /><testcase classname="test.unit.calc_test.TestCalculate" name="test_add_method_returns_correct_result" time="0.000" /><testcase classname="test.unit.calc_test.TestCalculate" name="test_add_method_returns_correct_result1" time="0.000" /><testcase classname="test.unit.calc_test.TestCalculate" name="test_divide_method_fails_with_nan_parameter" time="0.000" /><testcase classname="test.unit.calc_test.TestCalculate" name="test_divide_method_raises_typeerror_on_division_by_zero" time="0.000" /><testcase classname="test.unit.calc_test.TestCalculate" name="test_divide_method_returns_correct_result" time="0.000" /><testcase classname="test.unit.calc_test.TestCalculate" name="test_multiply_method_returns_correct_result" time="0.000" /><testcase classname="test.unit.calc_test.TestCalculate" name="test_power_method_returns_correct_result" time="0.000" /><testcase classname="test.unit.calc_test.TestCalculate" name="test_substract_method_returns_correct_result" time="0.000" /><testcase classname="test.unit.calc_test.TestConvertToNumber" name="test_convert_to_number_invalid_empty_string" time="0.001" /><testcase classname="test.unit.calc_test.TestConvertToNumber" name="test_convert_to_number_invalid_non_numeric" time="0.000" /><testcase classname="test.unit.calc_test.TestConvertToNumber" name="test_convert_to_number_invalid_non_string" time="0.000" /><testcase classname="test.unit.calc_test.TestConvertToNumber" name="test_convert_to_number_valid_float" time="0.000" /><testcase classname="test.unit.calc_test.TestConvertToNumber" name="test_convert_to_number_valid_integer" time="0.000" /><testcase classname="test.unit.util_test.TestUtil" name="test_convert_to_number_correct_param" time="0.000" /><testcase classname="test.unit.util_test.TestUtil" name="test_convert_to_number_invalid_type" time="0.000" /></testsuite></testsuites>